[RESTART (version 1) 11:37:19] --------------------------------------------------------------------
SLF4J: Failed to load class "org.slf4j.impl.StaticLoggerBinder".
SLF4J: Defaulting to no-operation (NOP) logger implementation
SLF4J: See http://www.slf4j.org/codes.html#StaticLoggerBinder for further details.
ERROR StatusLogger No log4j2 configuration file found. Using default configuration: logging only errors to the console.
Exception in thread "main" java.net.SocketException: Permission denied
	at sun.nio.ch.Net.bind0(Native Method)
	at sun.nio.ch.Net.bind(Net.java:444)
	at sun.nio.ch.Net.bind(Net.java:436)
	at sun.nio.ch.ServerSocketChannelImpl.bind(ServerSocketChannelImpl.java:214)
	at sun.nio.ch.ServerSocketAdaptor.bind(ServerSocketAdaptor.java:74)
	at org.eclipse.jetty.server.ServerConnector.open(ServerConnector.java:264)
	at org.eclipse.jetty.server.AbstractNetworkConnector.doStart(AbstractNetworkConnector.java:80)
	at org.eclipse.jetty.util.component.AbstractLifeCycle.start(AbstractLifeCycle.java:69)
	at org.eclipse.jetty.server.Server.doStart(Server.java:303)
	at org.eclipse.jetty.util.component.AbstractLifeCycle.start(AbstractLifeCycle.java:69)
	at whitespell.model.baseapi.WhitespellWebServer.startAPI(WhitespellWebServer.java:39)
	at whitespell.Server.main(Server.java:62)
	at sun.reflect.NativeMethodAccessorImpl.invoke0(Native Method)
	at sun.reflect.NativeMethodAccessorImpl.invoke(NativeMethodAccessorImpl.java:57)
	at sun.reflect.DelegatingMethodAccessorImpl.invoke(DelegatingMethodAccessorImpl.java:43)
	at java.lang.reflect.Method.invoke(Method.java:606)
	at com.intellij.rt.execution.application.AppMain.main(AppMain.java:134)
[RESTART (version 1) 11:37:41] --------------------------------------------------------------------
SLF4J: Failed to load class "org.slf4j.impl.StaticLoggerBinder".
SLF4J: Defaulting to no-operation (NOP) logger implementation
SLF4J: See http://www.slf4j.org/codes.html#StaticLoggerBinder for further details.
ERROR StatusLogger No log4j2 configuration file found. Using default configuration: logging only errors to the console.
[Low (version 1) 11:37:41]java.lang.NullPointerException
	at whitespell.logic.ApiDispatcher.callHandler(ApiDispatcher.java:121)
	at whitespell.logic.ApiDispatcher.doGet(ApiDispatcher.java:65)
	at javax.servlet.http.HttpServlet.service(HttpServlet.java:668)
	at javax.servlet.http.HttpServlet.service(HttpServlet.java:770)
	at org.eclipse.jetty.servlet.ServletHolder.handle(ServletHolder.java:696)
	at org.eclipse.jetty.servlet.ServletHandler$CachedChain.doFilter(ServletHandler.java:1515)
	at whitespell.logic.UnitFilters.doFilter(UnitFilters.java:65)
	at org.eclipse.jetty.servlet.ServletHandler$CachedChain.doFilter(ServletHandler.java:1486)
	at org.eclipse.jetty.servlet.ServletHandler.doHandle(ServletHandler.java:519)
	at org.eclipse.jetty.servlet.ServletHandler.doScope(ServletHandler.java:450)
	at org.eclipse.jetty.server.handler.ScopedHandler.handle(ScopedHandler.java:136)
	at org.eclipse.jetty.server.handler.HandlerWrapper.handle(HandlerWrapper.java:97)
	at org.eclipse.jetty.server.Server.handle(Server.java:446)
	at org.eclipse.jetty.server.HttpChannel.handle(HttpChannel.java:271)
	at org.eclipse.jetty.server.HttpConnection.onFillable(HttpConnection.java:246)
	at org.eclipse.jetty.io.AbstractConnection$ReadCallback.run(AbstractConnection.java:358)
	at org.eclipse.jetty.util.thread.QueuedThreadPool.runJob(QueuedThreadPool.java:601)
	at org.eclipse.jetty.util.thread.QueuedThreadPool$3.run(QueuedThreadPool.java:532)
	at java.lang.Thread.run(Thread.java:745)
[Low (version 1) 11:37:41]java.lang.NullPointerException
	at whitespell.logic.Authentication.<init>(Authentication.java:24)
	at whitespell.peakapi.endpoints.users.UserFollowAction.call(UserFollowAction.java:85)
	at whitespell.logic.ApiDispatcher.callHandler(ApiDispatcher.java:121)
	at whitespell.logic.ApiDispatcher.doPost(ApiDispatcher.java:69)
	at javax.servlet.http.HttpServlet.service(HttpServlet.java:688)
	at javax.servlet.http.HttpServlet.service(HttpServlet.java:770)
	at org.eclipse.jetty.servlet.ServletHolder.handle(ServletHolder.java:696)
	at org.eclipse.jetty.servlet.ServletHandler$CachedChain.doFilter(ServletHandler.java:1515)
	at whitespell.logic.UnitFilters.doFilter(UnitFilters.java:65)
	at org.eclipse.jetty.servlet.ServletHandler$CachedChain.doFilter(ServletHandler.java:1486)
	at org.eclipse.jetty.servlet.ServletHandler.doHandle(ServletHandler.java:519)
	at org.eclipse.jetty.servlet.ServletHandler.doScope(ServletHandler.java:450)
	at org.eclipse.jetty.server.handler.ScopedHandler.handle(ScopedHandler.java:136)
	at org.eclipse.jetty.server.handler.HandlerWrapper.handle(HandlerWrapper.java:97)
	at org.eclipse.jetty.server.Server.handle(Server.java:446)
	at org.eclipse.jetty.server.HttpChannel.handle(HttpChannel.java:271)
	at org.eclipse.jetty.server.HttpConnection.onFillable(HttpConnection.java:246)
	at org.eclipse.jetty.io.AbstractConnection$ReadCallback.run(AbstractConnection.java:358)
	at org.eclipse.jetty.util.thread.QueuedThreadPool.runJob(QueuedThreadPool.java:601)
	at org.eclipse.jetty.util.thread.QueuedThreadPool$3.run(QueuedThreadPool.java:532)
	at java.lang.Thread.run(Thread.java:745)
[Low (version 1) 11:37:41]java.lang.NullPointerException
	at whitespell.logic.Authentication.<init>(Authentication.java:24)
	at whitespell.peakapi.endpoints.users.UserFollowAction.call(UserFollowAction.java:85)
	at whitespell.logic.ApiDispatcher.callHandler(ApiDispatcher.java:121)
	at whitespell.logic.ApiDispatcher.doPost(ApiDispatcher.java:69)
	at javax.servlet.http.HttpServlet.service(HttpServlet.java:688)
	at javax.servlet.http.HttpServlet.service(HttpServlet.java:770)
	at org.eclipse.jetty.servlet.ServletHolder.handle(ServletHolder.java:696)
	at org.eclipse.jetty.servlet.ServletHandler$CachedChain.doFilter(ServletHandler.java:1515)
	at whitespell.logic.UnitFilters.doFilter(UnitFilters.java:65)
	at org.eclipse.jetty.servlet.ServletHandler$CachedChain.doFilter(ServletHandler.java:1486)
	at org.eclipse.jetty.servlet.ServletHandler.doHandle(ServletHandler.java:519)
	at org.eclipse.jetty.servlet.ServletHandler.doScope(ServletHandler.java:450)
	at org.eclipse.jetty.server.handler.ScopedHandler.handle(ScopedHandler.java:136)
	at org.eclipse.jetty.server.handler.HandlerWrapper.handle(HandlerWrapper.java:97)
	at org.eclipse.jetty.server.Server.handle(Server.java:446)
	at org.eclipse.jetty.server.HttpChannel.handle(HttpChannel.java:271)
	at org.eclipse.jetty.server.HttpConnection.onFillable(HttpConnection.java:246)
	at org.eclipse.jetty.io.AbstractConnection$ReadCallback.run(AbstractConnection.java:358)
	at org.eclipse.jetty.util.thread.QueuedThreadPool.runJob(QueuedThreadPool.java:601)
	at org.eclipse.jetty.util.thread.QueuedThreadPool$3.run(QueuedThreadPool.java:532)
	at java.lang.Thread.run(Thread.java:745)
[Low (version 1) 11:37:41]java.lang.ArrayIndexOutOfBoundsException: 1
	at whitespell.logic.PathNode.getBindingForSubPath(PathNode.java:47)
	at whitespell.logic.ApiDispatcher.callHandler(ApiDispatcher.java:118)
	at whitespell.logic.ApiDispatcher.doGet(ApiDispatcher.java:65)
	at javax.servlet.http.HttpServlet.service(HttpServlet.java:668)
	at javax.servlet.http.HttpServlet.service(HttpServlet.java:770)
	at org.eclipse.jetty.servlet.ServletHolder.handle(ServletHolder.java:696)
	at org.eclipse.jetty.servlet.ServletHandler$CachedChain.doFilter(ServletHandler.java:1515)
	at whitespell.logic.UnitFilters.doFilter(UnitFilters.java:65)
	at org.eclipse.jetty.servlet.ServletHandler$CachedChain.doFilter(ServletHandler.java:1486)
	at org.eclipse.jetty.servlet.ServletHandler.doHandle(ServletHandler.java:519)
	at org.eclipse.jetty.servlet.ServletHandler.doScope(ServletHandler.java:450)
	at org.eclipse.jetty.server.handler.ScopedHandler.handle(ScopedHandler.java:136)
	at org.eclipse.jetty.server.handler.HandlerWrapper.handle(HandlerWrapper.java:97)
	at org.eclipse.jetty.server.Server.handle(Server.java:446)
	at org.eclipse.jetty.server.HttpChannel.handle(HttpChannel.java:271)
	at org.eclipse.jetty.server.HttpConnection.onFillable(HttpConnection.java:246)
	at org.eclipse.jetty.io.AbstractConnection$ReadCallback.run(AbstractConnection.java:358)
	at org.eclipse.jetty.util.thread.QueuedThreadPool.runJob(QueuedThreadPool.java:601)
	at org.eclipse.jetty.util.thread.QueuedThreadPool$3.run(QueuedThreadPool.java:532)
	at java.lang.Thread.run(Thread.java:745)
[RESTART (version 1) 11:40:51] --------------------------------------------------------------------
SLF4J: Failed to load class "org.slf4j.impl.StaticLoggerBinder".
SLF4J: Defaulting to no-operation (NOP) logger implementation
SLF4J: See http://www.slf4j.org/codes.html#StaticLoggerBinder for further details.
ERROR StatusLogger No log4j2 configuration file found. Using default configuration: logging only errors to the console.
[RESTART (version 1) 12:09:30] --------------------------------------------------------------------
SLF4J: Failed to load class "org.slf4j.impl.StaticLoggerBinder".
SLF4J: Defaulting to no-operation (NOP) logger implementation
SLF4J: See http://www.slf4j.org/codes.html#StaticLoggerBinder for further details.
ERROR StatusLogger No log4j2 configuration file found. Using default configuration: logging only errors to the console.
[RESTART (version 1) 12:10:21] --------------------------------------------------------------------
SLF4J: Failed to load class "org.slf4j.impl.StaticLoggerBinder".
SLF4J: Defaulting to no-operation (NOP) logger implementation
SLF4J: See http://www.slf4j.org/codes.html#StaticLoggerBinder for further details.
ERROR StatusLogger No log4j2 configuration file found. Using default configuration: logging only errors to the console.
[RESTART (version 1) 12:13:27] --------------------------------------------------------------------
SLF4J: Failed to load class "org.slf4j.impl.StaticLoggerBinder".
SLF4J: Defaulting to no-operation (NOP) logger implementation
SLF4J: See http://www.slf4j.org/codes.html#StaticLoggerBinder for further details.
ERROR StatusLogger No log4j2 configuration file found. Using default configuration: logging only errors to the console.
