[RESTART (version 1) 10:12:46] --------------------------------------------------------------------
SLF4J: Failed to load class "org.slf4j.impl.StaticLoggerBinder".
SLF4J: Defaulting to no-operation (NOP) logger implementation
SLF4J: See http://www.slf4j.org/codes.html#StaticLoggerBinder for further details.
ERROR StatusLogger No log4j2 configuration file found. Using default configuration: logging only errors to the console.
Exception in thread "main" java.net.SocketException: Permission denied
	at sun.nio.ch.Net.bind0(Native Method)
	at sun.nio.ch.Net.bind(Net.java:444)
	at sun.nio.ch.Net.bind(Net.java:436)
	at sun.nio.ch.ServerSocketChannelImpl.bind(ServerSocketChannelImpl.java:214)
	at sun.nio.ch.ServerSocketAdaptor.bind(ServerSocketAdaptor.java:74)
	at org.eclipse.jetty.server.ServerConnector.open(ServerConnector.java:264)
	at org.eclipse.jetty.server.AbstractNetworkConnector.doStart(AbstractNetworkConnector.java:80)
	at org.eclipse.jetty.util.component.AbstractLifeCycle.start(AbstractLifeCycle.java:69)
	at org.eclipse.jetty.server.Server.doStart(Server.java:303)
	at org.eclipse.jetty.util.component.AbstractLifeCycle.start(AbstractLifeCycle.java:69)
	at whitespell.model.baseapi.WhitespellWebServer.startAPI(WhitespellWebServer.java:39)
	at whitespell.Server.main(Server.java:62)
	at sun.reflect.NativeMethodAccessorImpl.invoke0(Native Method)
	at sun.reflect.NativeMethodAccessorImpl.invoke(NativeMethodAccessorImpl.java:57)
	at sun.reflect.DelegatingMethodAccessorImpl.invoke(DelegatingMethodAccessorImpl.java:43)
	at java.lang.reflect.Method.invoke(Method.java:606)
	at com.intellij.rt.execution.application.AppMain.main(AppMain.java:134)
[RESTART (version 1) 10:13:05] --------------------------------------------------------------------
SLF4J: Failed to load class "org.slf4j.impl.StaticLoggerBinder".
SLF4J: Defaulting to no-operation (NOP) logger implementation
SLF4J: See http://www.slf4j.org/codes.html#StaticLoggerBinder for further details.
ERROR StatusLogger No log4j2 configuration file found. Using default configuration: logging only errors to the console.
[High (version 1) 10:13:05]com.mysql.jdbc.exceptions.jdbc4.MySQLIntegrityConstraintViolationException: Duplicate entry 'helloworldaa' for key 'username_UNIQUE'
	at sun.reflect.NativeConstructorAccessorImpl.newInstance0(Native Method)
	at sun.reflect.NativeConstructorAccessorImpl.newInstance(NativeConstructorAccessorImpl.java:57)
	at sun.reflect.DelegatingConstructorAccessorImpl.newInstance(DelegatingConstructorAccessorImpl.java:45)
	at java.lang.reflect.Constructor.newInstance(Constructor.java:526)
	at com.mysql.jdbc.Util.handleNewInstance(Util.java:411)
	at com.mysql.jdbc.Util.getInstance(Util.java:386)
	at com.mysql.jdbc.SQLError.createSQLException(SQLError.java:1041)
	at com.mysql.jdbc.MysqlIO.checkErrorPacket(MysqlIO.java:4190)
	at com.mysql.jdbc.MysqlIO.checkErrorPacket(MysqlIO.java:4122)
	at com.mysql.jdbc.MysqlIO.sendCommand(MysqlIO.java:2570)
	at com.mysql.jdbc.MysqlIO.sqlQueryDirect(MysqlIO.java:2731)
	at com.mysql.jdbc.ConnectionImpl.execSQL(ConnectionImpl.java:2818)
	at com.mysql.jdbc.PreparedStatement.executeInternal(PreparedStatement.java:2157)
	at com.mysql.jdbc.PreparedStatement.executeUpdate(PreparedStatement.java:2460)
	at com.mysql.jdbc.PreparedStatement.executeUpdate(PreparedStatement.java:2377)
	at com.mysql.jdbc.PreparedStatement.executeUpdate(PreparedStatement.java:2361)
	at org.apache.commons.dbcp2.DelegatingPreparedStatement.executeUpdate(DelegatingPreparedStatement.java:98)
	at whitespell.peakapi.endpoints.users.CreateUser$2.process(CreateUser.java:160)
	at whitespell.logic.sql.StatementExecutor.execute(StatementExecutor.java:19)
	at whitespell.peakapi.endpoints.users.CreateUser.call(CreateUser.java:149)
	at whitespell.logic.ApiDispatcher.callHandler(ApiDispatcher.java:121)
	at whitespell.logic.ApiDispatcher.doPost(ApiDispatcher.java:69)
	at javax.servlet.http.HttpServlet.service(HttpServlet.java:688)
	at javax.servlet.http.HttpServlet.service(HttpServlet.java:770)
	at org.eclipse.jetty.servlet.ServletHolder.handle(ServletHolder.java:696)
	at org.eclipse.jetty.servlet.ServletHandler$CachedChain.doFilter(ServletHandler.java:1515)
	at whitespell.logic.UnitFilters.doFilter(UnitFilters.java:54)
	at org.eclipse.jetty.servlet.ServletHandler$CachedChain.doFilter(ServletHandler.java:1486)
	at org.eclipse.jetty.servlet.ServletHandler.doHandle(ServletHandler.java:519)
	at org.eclipse.jetty.servlet.ServletHandler.doScope(ServletHandler.java:450)
	at org.eclipse.jetty.server.handler.ScopedHandler.handle(ScopedHandler.java:136)
	at org.eclipse.jetty.server.handler.HandlerWrapper.handle(HandlerWrapper.java:97)
	at org.eclipse.jetty.server.Server.handle(Server.java:446)
	at org.eclipse.jetty.server.HttpChannel.handle(HttpChannel.java:271)
	at org.eclipse.jetty.server.HttpConnection.onFillable(HttpConnection.java:246)
	at org.eclipse.jetty.io.AbstractConnection$ReadCallback.run(AbstractConnection.java:358)
	at org.eclipse.jetty.util.thread.QueuedThreadPool.runJob(QueuedThreadPool.java:601)
	at org.eclipse.jetty.util.thread.QueuedThreadPool$3.run(QueuedThreadPool.java:532)
	at java.lang.Thread.run(Thread.java:745)
[High (version 1) 10:13:05]com.mysql.jdbc.exceptions.jdbc4.MySQLIntegrityConstraintViolationException: Duplicate entry 'helloworldaa' for key 'username_UNIQUE'
	at sun.reflect.NativeConstructorAccessorImpl.newInstance0(Native Method)
	at sun.reflect.NativeConstructorAccessorImpl.newInstance(NativeConstructorAccessorImpl.java:57)
	at sun.reflect.DelegatingConstructorAccessorImpl.newInstance(DelegatingConstructorAccessorImpl.java:45)
	at java.lang.reflect.Constructor.newInstance(Constructor.java:526)
	at com.mysql.jdbc.Util.handleNewInstance(Util.java:411)
	at com.mysql.jdbc.Util.getInstance(Util.java:386)
	at com.mysql.jdbc.SQLError.createSQLException(SQLError.java:1041)
	at com.mysql.jdbc.MysqlIO.checkErrorPacket(MysqlIO.java:4190)
	at com.mysql.jdbc.MysqlIO.checkErrorPacket(MysqlIO.java:4122)
	at com.mysql.jdbc.MysqlIO.sendCommand(MysqlIO.java:2570)
	at com.mysql.jdbc.MysqlIO.sqlQueryDirect(MysqlIO.java:2731)
	at com.mysql.jdbc.ConnectionImpl.execSQL(ConnectionImpl.java:2818)
	at com.mysql.jdbc.PreparedStatement.executeInternal(PreparedStatement.java:2157)
	at com.mysql.jdbc.PreparedStatement.executeUpdate(PreparedStatement.java:2460)
	at com.mysql.jdbc.PreparedStatement.executeUpdate(PreparedStatement.java:2377)
	at com.mysql.jdbc.PreparedStatement.executeUpdate(PreparedStatement.java:2361)
	at org.apache.commons.dbcp2.DelegatingPreparedStatement.executeUpdate(DelegatingPreparedStatement.java:98)
	at whitespell.peakapi.endpoints.users.CreateUser$2.process(CreateUser.java:160)
	at whitespell.logic.sql.StatementExecutor.execute(StatementExecutor.java:19)
	at whitespell.peakapi.endpoints.users.CreateUser.call(CreateUser.java:149)
	at whitespell.logic.ApiDispatcher.callHandler(ApiDispatcher.java:121)
	at whitespell.logic.ApiDispatcher.doPost(ApiDispatcher.java:69)
	at javax.servlet.http.HttpServlet.service(HttpServlet.java:688)
	at javax.servlet.http.HttpServlet.service(HttpServlet.java:770)
	at org.eclipse.jetty.servlet.ServletHolder.handle(ServletHolder.java:696)
	at org.eclipse.jetty.servlet.ServletHandler$CachedChain.doFilter(ServletHandler.java:1515)
	at whitespell.logic.UnitFilters.doFilter(UnitFilters.java:54)
	at org.eclipse.jetty.servlet.ServletHandler$CachedChain.doFilter(ServletHandler.java:1486)
	at org.eclipse.jetty.servlet.ServletHandler.doHandle(ServletHandler.java:519)
	at org.eclipse.jetty.servlet.ServletHandler.doScope(ServletHandler.java:450)
	at org.eclipse.jetty.server.handler.ScopedHandler.handle(ScopedHandler.java:136)
	at org.eclipse.jetty.server.handler.HandlerWrapper.handle(HandlerWrapper.java:97)
	at org.eclipse.jetty.server.Server.handle(Server.java:446)
	at org.eclipse.jetty.server.HttpChannel.handle(HttpChannel.java:271)
	at org.eclipse.jetty.server.HttpConnection.onFillable(HttpConnection.java:246)
	at org.eclipse.jetty.io.AbstractConnection$ReadCallback.run(AbstractConnection.java:358)
	at org.eclipse.jetty.util.thread.QueuedThreadPool.runJob(QueuedThreadPool.java:601)
	at org.eclipse.jetty.util.thread.QueuedThreadPool$3.run(QueuedThreadPool.java:532)
	at java.lang.Thread.run(Thread.java:745)
[RESTART (version 1) 10:15:31] --------------------------------------------------------------------
SLF4J: Failed to load class "org.slf4j.impl.StaticLoggerBinder".
SLF4J: Defaulting to no-operation (NOP) logger implementation
SLF4J: See http://www.slf4j.org/codes.html#StaticLoggerBinder for further details.
ERROR StatusLogger No log4j2 configuration file found. Using default configuration: logging only errors to the console.
[High (version 1) 10:15:31]com.mysql.jdbc.exceptions.jdbc4.MySQLIntegrityConstraintViolationException: Duplicate entry 'helloworldaa' for key 'username_UNIQUE'
	at sun.reflect.NativeConstructorAccessorImpl.newInstance0(Native Method)
	at sun.reflect.NativeConstructorAccessorImpl.newInstance(NativeConstructorAccessorImpl.java:57)
	at sun.reflect.DelegatingConstructorAccessorImpl.newInstance(DelegatingConstructorAccessorImpl.java:45)
	at java.lang.reflect.Constructor.newInstance(Constructor.java:526)
	at com.mysql.jdbc.Util.handleNewInstance(Util.java:411)
	at com.mysql.jdbc.Util.getInstance(Util.java:386)
	at com.mysql.jdbc.SQLError.createSQLException(SQLError.java:1041)
	at com.mysql.jdbc.MysqlIO.checkErrorPacket(MysqlIO.java:4190)
	at com.mysql.jdbc.MysqlIO.checkErrorPacket(MysqlIO.java:4122)
	at com.mysql.jdbc.MysqlIO.sendCommand(MysqlIO.java:2570)
	at com.mysql.jdbc.MysqlIO.sqlQueryDirect(MysqlIO.java:2731)
	at com.mysql.jdbc.ConnectionImpl.execSQL(ConnectionImpl.java:2818)
	at com.mysql.jdbc.PreparedStatement.executeInternal(PreparedStatement.java:2157)
	at com.mysql.jdbc.PreparedStatement.executeUpdate(PreparedStatement.java:2460)
	at com.mysql.jdbc.PreparedStatement.executeUpdate(PreparedStatement.java:2377)
	at com.mysql.jdbc.PreparedStatement.executeUpdate(PreparedStatement.java:2361)
	at org.apache.commons.dbcp2.DelegatingPreparedStatement.executeUpdate(DelegatingPreparedStatement.java:98)
	at whitespell.peakapi.endpoints.users.CreateUser$2.process(CreateUser.java:162)
	at whitespell.logic.sql.StatementExecutor.execute(StatementExecutor.java:19)
	at whitespell.peakapi.endpoints.users.CreateUser.call(CreateUser.java:151)
	at whitespell.logic.ApiDispatcher.callHandler(ApiDispatcher.java:121)
	at whitespell.logic.ApiDispatcher.doPost(ApiDispatcher.java:69)
	at javax.servlet.http.HttpServlet.service(HttpServlet.java:688)
	at javax.servlet.http.HttpServlet.service(HttpServlet.java:770)
	at org.eclipse.jetty.servlet.ServletHolder.handle(ServletHolder.java:696)
	at org.eclipse.jetty.servlet.ServletHandler$CachedChain.doFilter(ServletHandler.java:1515)
	at whitespell.logic.UnitFilters.doFilter(UnitFilters.java:54)
	at org.eclipse.jetty.servlet.ServletHandler$CachedChain.doFilter(ServletHandler.java:1486)
	at org.eclipse.jetty.servlet.ServletHandler.doHandle(ServletHandler.java:519)
	at org.eclipse.jetty.servlet.ServletHandler.doScope(ServletHandler.java:450)
	at org.eclipse.jetty.server.handler.ScopedHandler.handle(ScopedHandler.java:136)
	at org.eclipse.jetty.server.handler.HandlerWrapper.handle(HandlerWrapper.java:97)
	at org.eclipse.jetty.server.Server.handle(Server.java:446)
	at org.eclipse.jetty.server.HttpChannel.handle(HttpChannel.java:271)
	at org.eclipse.jetty.server.HttpConnection.onFillable(HttpConnection.java:246)
	at org.eclipse.jetty.io.AbstractConnection$ReadCallback.run(AbstractConnection.java:358)
	at org.eclipse.jetty.util.thread.QueuedThreadPool.runJob(QueuedThreadPool.java:601)
	at org.eclipse.jetty.util.thread.QueuedThreadPool$3.run(QueuedThreadPool.java:532)
	at java.lang.Thread.run(Thread.java:745)
[RESTART (version 1) 10:16:31] --------------------------------------------------------------------
SLF4J: Failed to load class "org.slf4j.impl.StaticLoggerBinder".
SLF4J: Defaulting to no-operation (NOP) logger implementation
SLF4J: See http://www.slf4j.org/codes.html#StaticLoggerBinder for further details.
ERROR StatusLogger No log4j2 configuration file found. Using default configuration: logging only errors to the console.
[High (version 1) 10:16:31]com.mysql.jdbc.exceptions.jdbc4.MySQLIntegrityConstraintViolationException: Duplicate entry 'helloworldaa' for key 'username_UNIQUE'
	at sun.reflect.NativeConstructorAccessorImpl.newInstance0(Native Method)
	at sun.reflect.NativeConstructorAccessorImpl.newInstance(NativeConstructorAccessorImpl.java:57)
	at sun.reflect.DelegatingConstructorAccessorImpl.newInstance(DelegatingConstructorAccessorImpl.java:45)
	at java.lang.reflect.Constructor.newInstance(Constructor.java:526)
	at com.mysql.jdbc.Util.handleNewInstance(Util.java:411)
	at com.mysql.jdbc.Util.getInstance(Util.java:386)
	at com.mysql.jdbc.SQLError.createSQLException(SQLError.java:1041)
	at com.mysql.jdbc.MysqlIO.checkErrorPacket(MysqlIO.java:4190)
	at com.mysql.jdbc.MysqlIO.checkErrorPacket(MysqlIO.java:4122)
	at com.mysql.jdbc.MysqlIO.sendCommand(MysqlIO.java:2570)
	at com.mysql.jdbc.MysqlIO.sqlQueryDirect(MysqlIO.java:2731)
	at com.mysql.jdbc.ConnectionImpl.execSQL(ConnectionImpl.java:2818)
	at com.mysql.jdbc.PreparedStatement.executeInternal(PreparedStatement.java:2157)
	at com.mysql.jdbc.PreparedStatement.executeUpdate(PreparedStatement.java:2460)
	at com.mysql.jdbc.PreparedStatement.executeUpdate(PreparedStatement.java:2377)
	at com.mysql.jdbc.PreparedStatement.executeUpdate(PreparedStatement.java:2361)
	at org.apache.commons.dbcp2.DelegatingPreparedStatement.executeUpdate(DelegatingPreparedStatement.java:98)
	at whitespell.peakapi.endpoints.users.CreateUser$2.process(CreateUser.java:164)
	at whitespell.logic.sql.StatementExecutor.execute(StatementExecutor.java:19)
	at whitespell.peakapi.endpoints.users.CreateUser.call(CreateUser.java:153)
	at whitespell.logic.ApiDispatcher.callHandler(ApiDispatcher.java:121)
	at whitespell.logic.ApiDispatcher.doPost(ApiDispatcher.java:69)
	at javax.servlet.http.HttpServlet.service(HttpServlet.java:688)
	at javax.servlet.http.HttpServlet.service(HttpServlet.java:770)
	at org.eclipse.jetty.servlet.ServletHolder.handle(ServletHolder.java:696)
	at org.eclipse.jetty.servlet.ServletHandler$CachedChain.doFilter(ServletHandler.java:1515)
	at whitespell.logic.UnitFilters.doFilter(UnitFilters.java:54)
	at org.eclipse.jetty.servlet.ServletHandler$CachedChain.doFilter(ServletHandler.java:1486)
	at org.eclipse.jetty.servlet.ServletHandler.doHandle(ServletHandler.java:519)
	at org.eclipse.jetty.servlet.ServletHandler.doScope(ServletHandler.java:450)
	at org.eclipse.jetty.server.handler.ScopedHandler.handle(ScopedHandler.java:136)
	at org.eclipse.jetty.server.handler.HandlerWrapper.handle(HandlerWrapper.java:97)
	at org.eclipse.jetty.server.Server.handle(Server.java:446)
	at org.eclipse.jetty.server.HttpChannel.handle(HttpChannel.java:271)
	at org.eclipse.jetty.server.HttpConnection.onFillable(HttpConnection.java:246)
	at org.eclipse.jetty.io.AbstractConnection$ReadCallback.run(AbstractConnection.java:358)
	at org.eclipse.jetty.util.thread.QueuedThreadPool.runJob(QueuedThreadPool.java:601)
	at org.eclipse.jetty.util.thread.QueuedThreadPool$3.run(QueuedThreadPool.java:532)
	at java.lang.Thread.run(Thread.java:745)
[High (version 1) 10:16:31]com.mysql.jdbc.exceptions.jdbc4.MySQLIntegrityConstraintViolationException: Duplicate entry 'helloworldaa' for key 'username_UNIQUE'
	at sun.reflect.NativeConstructorAccessorImpl.newInstance0(Native Method)
	at sun.reflect.NativeConstructorAccessorImpl.newInstance(NativeConstructorAccessorImpl.java:57)
	at sun.reflect.DelegatingConstructorAccessorImpl.newInstance(DelegatingConstructorAccessorImpl.java:45)
	at java.lang.reflect.Constructor.newInstance(Constructor.java:526)
	at com.mysql.jdbc.Util.handleNewInstance(Util.java:411)
	at com.mysql.jdbc.Util.getInstance(Util.java:386)
	at com.mysql.jdbc.SQLError.createSQLException(SQLError.java:1041)
	at com.mysql.jdbc.MysqlIO.checkErrorPacket(MysqlIO.java:4190)
	at com.mysql.jdbc.MysqlIO.checkErrorPacket(MysqlIO.java:4122)
	at com.mysql.jdbc.MysqlIO.sendCommand(MysqlIO.java:2570)
	at com.mysql.jdbc.MysqlIO.sqlQueryDirect(MysqlIO.java:2731)
	at com.mysql.jdbc.ConnectionImpl.execSQL(ConnectionImpl.java:2818)
	at com.mysql.jdbc.PreparedStatement.executeInternal(PreparedStatement.java:2157)
	at com.mysql.jdbc.PreparedStatement.executeUpdate(PreparedStatement.java:2460)
	at com.mysql.jdbc.PreparedStatement.executeUpdate(PreparedStatement.java:2377)
	at com.mysql.jdbc.PreparedStatement.executeUpdate(PreparedStatement.java:2361)
	at org.apache.commons.dbcp2.DelegatingPreparedStatement.executeUpdate(DelegatingPreparedStatement.java:98)
	at whitespell.peakapi.endpoints.users.CreateUser$2.process(CreateUser.java:164)
	at whitespell.logic.sql.StatementExecutor.execute(StatementExecutor.java:19)
	at whitespell.peakapi.endpoints.users.CreateUser.call(CreateUser.java:153)
	at whitespell.logic.ApiDispatcher.callHandler(ApiDispatcher.java:121)
	at whitespell.logic.ApiDispatcher.doPost(ApiDispatcher.java:69)
	at javax.servlet.http.HttpServlet.service(HttpServlet.java:688)
	at javax.servlet.http.HttpServlet.service(HttpServlet.java:770)
	at org.eclipse.jetty.servlet.ServletHolder.handle(ServletHolder.java:696)
	at org.eclipse.jetty.servlet.ServletHandler$CachedChain.doFilter(ServletHandler.java:1515)
	at whitespell.logic.UnitFilters.doFilter(UnitFilters.java:54)
	at org.eclipse.jetty.servlet.ServletHandler$CachedChain.doFilter(ServletHandler.java:1486)
	at org.eclipse.jetty.servlet.ServletHandler.doHandle(ServletHandler.java:519)
	at org.eclipse.jetty.servlet.ServletHandler.doScope(ServletHandler.java:450)
	at org.eclipse.jetty.server.handler.ScopedHandler.handle(ScopedHandler.java:136)
	at org.eclipse.jetty.server.handler.HandlerWrapper.handle(HandlerWrapper.java:97)
	at org.eclipse.jetty.server.Server.handle(Server.java:446)
	at org.eclipse.jetty.server.HttpChannel.handle(HttpChannel.java:271)
	at org.eclipse.jetty.server.HttpConnection.onFillable(HttpConnection.java:246)
	at org.eclipse.jetty.io.AbstractConnection$ReadCallback.run(AbstractConnection.java:358)
	at org.eclipse.jetty.util.thread.QueuedThreadPool.runJob(QueuedThreadPool.java:601)
	at org.eclipse.jetty.util.thread.QueuedThreadPool$3.run(QueuedThreadPool.java:532)
	at java.lang.Thread.run(Thread.java:745)
