ssh: connect to host peakapi-dev-internal.whitespell.com port 22: Connection refused
ssh: connect to host peakapi-dev-internal.whitespell.com port 22: Connection refused
ssh: connect to host peakapi-dev-internal.whitespell.com port 22: Connection refused
ssh: connect to host peakapi-dev-internal.whitespell.com port 22: Connection refused
ssh: connect to host peakapi-dev-internal.whitespell.com port 22: Connection refused
Reading out configs....
current: Tue Apr 05 20:22:47 UTC 2016
offset: 0
offset: 0
GMT Time: Tue Apr 05 20:22:47 UTC 2016
Checking log files took: 0 ms
Folder size is 59mb
Starting API
Starting notification thread
Starting PEAK_TEST_API on main thread.
Reading out configs....
current: Tue Apr 05 20:25:05 UTC 2016
offset: 0
offset: 0
GMT Time: Tue Apr 05 20:25:05 UTC 2016
Checking log files took: 0 ms
Folder size is 59mb
Starting API
Starting notification thread
Starting PEAK_TEST_API on main thread.
Checking log files took: 0 ms
Folder size is 59mb
Checking log files took: 0 ms
Folder size is 59mb
Checking log files took: 0 ms
Folder size is 59mb
Checking log files took: 0 ms
Folder size is 59mb
Checking log files took: 0 ms
Folder size is 59mb
Checking log files took: 0 ms
Folder size is 59mb
Checking log files took: 0 ms
Folder size is 59mb
Reading out configs....
current: Tue Apr 05 20:34:13 UTC 2016
offset: 0
offset: 0
GMT Time: Tue Apr 05 20:34:13 UTC 2016
Checking log files took: 0 ms
Folder size is 59mb
Starting API
Starting notification thread
Starting PEAK_TEST_API on main thread.
Reading out configs....
current: Tue Apr 05 21:07:47 UTC 2016
offset: 0
offset: 0
GMT Time: Tue Apr 05 21:07:47 UTC 2016
Checking log files took: 0 ms
Folder size is 59mb
Starting API
Starting notification thread
Reading out configs....
current: Tue Apr 05 21:13:31 UTC 2016
offset: 0
offset: 0
GMT Time: Tue Apr 05 21:13:31 UTC 2016
Checking log files took: 0 ms
Folder size is 59mb
Starting API
Starting notification thread
Starting PEAK_TEST_API on main thread.
Checking log files took: 0 ms
Folder size is 59mb
Checking log files took: 0 ms
Folder size is 59mb
